# JRE version: OpenJDK Runtime Environment (8.0_76-b03) (build 1.8.0_76-release-b03)
# Java VM: OpenJDK 64-Bit Server VM (25.76-b03 mixed mode windows-amd64 compressed oops)
Heap:
 PSYoungGen      total 184832K, used 16866K [0x00000000e0000000, 0x00000000ef680000, 0x0000000100000000)
  eden space 167936K, 0% used [0x00000000e0000000,0x00000000e0000000,0x00000000ea400000)
  from space 16896K, 99% used [0x00000000ea400000,0x00000000eb4788d0,0x00000000eb480000)
  to   space 21504K, 0% used [0x00000000ee180000,0x00000000ee180000,0x00000000ef680000)
 ParOldGen       total 177664K, used 25717K [0x00000000a0000000, 0x00000000aad80000, 0x00000000e0000000)
  object space 177664K, 14% used [0x00000000a0000000,0x00000000a191d660,0x00000000aad80000)
 Metaspace       used 57664K, capacity 58968K, committed 59136K, reserved 1099776K
  class space    used 7575K, capacity 7904K, committed 7936K, reserved 1048576K
GC Heap History (10 events):
Event: 5.688 GC heap after
Heap after GC invocations=7 (full 1):
 PSYoungGen      total 131584K, used 8930K [0x00000000e0000000, 0x00000000e9900000, 0x0000000100000000)
  eden space 117248K, 0% used [0x00000000e0000000,0x00000000e0000000,0x00000000e7280000)
  from space 14336K, 62% used [0x00000000e7f80000,0x00000000e8838978,0x00000000e8d80000)
  to   space 13312K, 0% used [0x00000000e7280000,0x00000000e7280000,0x00000000e7f80000)
 ParOldGen       total 122368K, used 12475K [0x00000000a0000000, 0x00000000a7780000, 0x00000000e0000000)
  object space 122368K, 10% used [0x00000000a0000000,0x00000000a0c2ef50,0x00000000a7780000)
 Metaspace       used 34680K, capacity 35192K, committed 35496K, reserved 1079296K
  class space    used 4631K, capacity 4785K, committed 4864K, reserved 1048576K
}
Event: 5.689 GC heap before
{Heap before GC invocations=8 (full 2):
 PSYoungGen      total 131584K, used 8930K [0x00000000e0000000, 0x00000000e9900000, 0x0000000100000000)
  eden space 117248K, 0% used [0x00000000e0000000,0x00000000e0000000,0x00000000e7280000)
  from space 14336K, 62% used [0x00000000e7f80000,0x00000000e8838978,0x00000000e8d80000)
  to   space 13312K, 0% used [0x00000000e7280000,0x00000000e7280000,0x00000000e7f80000)
 ParOldGen       total 122368K, used 12475K [0x00000000a0000000, 0x00000000a7780000, 0x00000000e0000000)
  object space 122368K, 10% used [0x00000000a0000000,0x00000000a0c2ef50,0x00000000a7780000)
 Metaspace       used 34680K, capacity 35192K, committed 35496K, reserved 1079296K
  class space    used 4631K, capacity 4785K, committed 4864K, reserved 1048576K
Event: 5.784 GC heap after
Heap after GC invocations=8 (full 2):
 PSYoungGen      total 131584K, used 0K [0x00000000e0000000, 0x00000000e9900000, 0x0000000100000000)
  eden space 117248K, 0% used [0x00000000e0000000,0x00000000e0000000,0x00000000e7280000)
  from space 14336K, 0% used [0x00000000e7f80000,0x00000000e7f80000,0x00000000e8d80000)
  to   space 13312K, 0% used [0x00000000e7280000,0x00000000e7280000,0x00000000e7f80000)
 ParOldGen       total 177664K, used 15761K [0x00000000a0000000, 0x00000000aad80000, 0x00000000e0000000)
  object space 177664K, 8% used [0x00000000a0000000,0x00000000a0f64778,0x00000000aad80000)
 Metaspace       used 34680K, capacity 35192K, committed 35496K, reserved 1079296K
  class space    used 4631K, capacity 4785K, committed 4864K, reserved 1048576K
}
Event: 7.100 GC heap before
{Heap before GC invocations=9 (full 2):
 PSYoungGen      total 131584K, used 117248K [0x00000000e0000000, 0x00000000e9900000, 0x0000000100000000)
  eden space 117248K, 100% used [0x00000000e0000000,0x00000000e7280000,0x00000000e7280000)
  from space 14336K, 0% used [0x00000000e7f80000,0x00000000e7f80000,0x00000000e8d80000)
  to   space 13312K, 0% used [0x00000000e7280000,0x00000000e7280000,0x00000000e7f80000)
 ParOldGen       total 177664K, used 15761K [0x00000000a0000000, 0x00000000aad80000, 0x00000000e0000000)
  object space 177664K, 8% used [0x00000000a0000000,0x00000000a0f64778,0x00000000aad80000)
 Metaspace       used 43064K, capacity 43846K, committed 44160K, reserved 1087488K
  class space    used 5733K, capacity 5935K, committed 6016K, reserved 1048576K
Event: 7.111 GC heap after
Heap after GC invocations=9 (full 2):
 PSYoungGen      total 130560K, used 10237K [0x00000000e0000000, 0x00000000ec200000, 0x0000000100000000)
  eden space 117248K, 0% used [0x00000000e0000000,0x00000000e0000000,0x00000000e7280000)
  from space 13312K, 76% used [0x00000000e7280000,0x00000000e7c7f6a0,0x00000000e7f80000)
  to   space 13824K, 0% used [0x00000000eb480000,0x00000000eb480000,0x00000000ec200000)
 ParOldGen       total 177664K, used 15833K [0x00000000a0000000, 0x00000000aad80000, 0x00000000e0000000)
  object space 177664K, 8% used [0x00000000a0000000,0x00000000a0f76788,0x00000000aad80000)
 Metaspace       used 43064K, capacity 43846K, committed 44160K, reserved 1087488K
  class space    used 5733K, capacity 5935K, committed 6016K, reserved 1048576K
}
Event: 8.432 GC heap before
{Heap before GC invocations=10 (full 2):
 PSYoungGen      total 130560K, used 127485K [0x00000000e0000000, 0x00000000ec200000, 0x0000000100000000)
  eden space 117248K, 100% used [0x00000000e0000000,0x00000000e7280000,0x00000000e7280000)
  from space 13312K, 76% used [0x00000000e7280000,0x00000000e7c7f6a0,0x00000000e7f80000)
  to   space 13824K, 0% used [0x00000000eb480000,0x00000000eb480000,0x00000000ec200000)
 ParOldGen       total 177664K, used 15833K [0x00000000a0000000, 0x00000000aad80000, 0x00000000e0000000)
  object space 177664K, 8% used [0x00000000a0000000,0x00000000a0f76788,0x00000000aad80000)
 Metaspace       used 48738K, capacity 49992K, committed 50048K, reserved 1093632K
  class space    used 6513K, capacity 6780K, committed 6784K, reserved 1048576K
Event: 8.467 GC heap after
Heap after GC invocations=10 (full 2):
 PSYoungGen      total 181760K, used 13824K [0x00000000e0000000, 0x00000000ec800000, 0x0000000100000000)
  eden space 167936K, 0% used [0x00000000e0000000,0x00000000e0000000,0x00000000ea400000)
  from space 13824K, 100% used [0x00000000eb480000,0x00000000ec200000,0x00000000ec200000)
  to   space 16896K, 0% used [0x00000000ea400000,0x00000000ea400000,0x00000000eb480000)
 ParOldGen       total 177664K, used 19662K [0x00000000a0000000, 0x00000000aad80000, 0x00000000e0000000)
  object space 177664K, 11% used [0x00000000a0000000,0x00000000a1333858,0x00000000aad80000)
 Metaspace       used 48738K, capacity 49992K, committed 50048K, reserved 1093632K
  class space    used 6513K, capacity 6780K, committed 6784K, reserved 1048576K
}
Event: 11.700 GC heap before
{Heap before GC invocations=11 (full 2):
 PSYoungGen      total 181760K, used 167920K [0x00000000e0000000, 0x00000000ec800000, 0x0000000100000000)
  eden space 167936K, 91% used [0x00000000e0000000,0x00000000e967c250,0x00000000ea400000)
  from space 13824K, 100% used [0x00000000eb480000,0x00000000ec200000,0x00000000ec200000)
  to   space 16896K, 0% used [0x00000000ea400000,0x00000000ea400000,0x00000000eb480000)
 ParOldGen       total 177664K, used 19662K [0x00000000a0000000, 0x00000000aad80000, 0x00000000e0000000)
  object space 177664K, 11% used [0x00000000a0000000,0x00000000a1333858,0x00000000aad80000)
 Metaspace       used 57664K, capacity 58968K, committed 59136K, reserved 1099776K
  class space    used 7575K, capacity 7904K, committed 7936K, reserved 1048576K
Event: 11.725 GC heap after
Heap after GC invocations=11 (full 2):
 PSYoungGen      total 184832K, used 16866K [0x00000000e0000000, 0x00000000ef680000, 0x0000000100000000)
  eden space 167936K, 0% used [0x00000000e0000000,0x00000000e0000000,0x00000000ea400000)
  from space 16896K, 99% used [0x00000000ea400000,0x00000000eb4788d0,0x00000000eb480000)
  to   space 21504K, 0% used [0x00000000ee180000,0x00000000ee180000,0x00000000ef680000)
 ParOldGen       total 177664K, used 25717K [0x00000000a0000000, 0x00000000aad80000, 0x00000000e0000000)
  object space 177664K, 14% used [0x00000000a0000000,0x00000000a191d660,0x00000000aad80000)
 Metaspace       used 57664K, capacity 58968K, committed 59136K, reserved 1099776K
  class space    used 7575K, capacity 7904K, committed 7936K, reserved 1048576K
}
Event: 11.725 GC heap before
{Heap before GC invocations=12 (full 3):
 PSYoungGen      total 184832K, used 16866K [0x00000000e0000000, 0x00000000ef680000, 0x0000000100000000)
  eden space 167936K, 0% used [0x00000000e0000000,0x00000000e0000000,0x00000000ea400000)
  from space 16896K, 99% used [0x00000000ea400000,0x00000000eb4788d0,0x00000000eb480000)
  to   space 21504K, 0% used [0x00000000ee180000,0x00000000ee180000,0x00000000ef680000)
 ParOldGen       total 177664K, used 25717K [0x00000000a0000000, 0x00000000aad80000, 0x00000000e0000000)
  object space 177664K, 14% used [0x00000000a0000000,0x00000000a191d660,0x00000000aad80000)
 Metaspace       used 57664K, capacity 58968K, committed 59136K, reserved 1099776K
  class space    used 7575K, capacity 7904K, committed 7936K, reserved 1048576K

